[08.06.2022 17:43:52][Warning]: Could not load config. Creating default empty config.
[08.06.2022 17:43:52][Information]: Executable specific profiles: 0
[08.06.2022 17:43:52][Information]: Mode: Combined
[08.06.2022 17:43:52][Information]: Blacklisted processes: 0
[08.06.2022 17:43:52][Information]: Whitelisted processes: 0
[08.06.2022 17:43:58][Information]: Config Loaded.
[08.06.2022 17:43:58][Information]: Executable specific profiles: 0
[08.06.2022 17:43:58][Information]: Mode: Combined
[08.06.2022 17:43:58][Information]: Blacklisted processes: 0
[08.06.2022 17:43:58][Information]: Whitelisted processes: 0
[08.06.2022 17:47:21][Information]: Config Loaded.
[08.06.2022 17:47:21][Information]: Executable specific profiles: 0
[08.06.2022 17:47:21][Information]: Mode: Combined
[08.06.2022 17:47:21][Information]: Blacklisted processes: 0
[08.06.2022 17:47:21][Information]: Whitelisted processes: 0
[08.06.2022 17:47:25][Information]: Config Loaded.
[08.06.2022 17:47:25][Information]: Executable specific profiles: 0
[08.06.2022 17:47:25][Information]: Mode: Combined
[08.06.2022 17:47:25][Information]: Blacklisted processes: 0
[08.06.2022 17:47:25][Information]: Whitelisted processes: 0
